Arguments: 
  C:\Program Files\nodejs\node.exe C:\Users\M70NQLWL\AppData\Roaming\npm\node_modules\yarn\bin\yarn.js init

PATH: 
  C:\Users\M70NQLWL\bin;E:\software\Git\mingw64\bin;E:\software\Git\usr\local\bin;E:\software\Git\usr\bin;E:\software\Git\usr\bin;E:\software\Git\mingw64\bin;E:\software\Git\usr\bin;C:\Users\M70NQLWL\bin;C:\WINDOWS\system32;C:\WINDOWS;C:\WINDOWS\System32\Wbem;C:\WINDOWS\System32\WindowsPowerShell\v1.0;C:\WINDOWS\System32\OpenSSH;C:\Program Files\nodejs;E:\software\微信web开发者工具\dll;E:\software\Git\cmd;C:\Users\M70NQLWL\AppData\Local\Microsoft\WindowsApps;E:\software\Microsoft VS Code\bin;C:\Users\M70NQLWL\AppData\Roaming\npm;C:\Users\M70NQLWL\AppData\Local\Programs\Fiddler;E:\software\Git\usr\bin\vendor_perl;E:\software\Git\usr\bin\core_perl

Yarn version: 
  1.22.17

Node version: 
  16.14.0

Platform: 
  win32 x64

Trace: 
  Error: Can't answer a question unless a user TTY
      at ConsoleReporter.question (C:\Users\M70NQLWL\AppData\Roaming\npm\node_modules\yarn\lib\cli.js:96935:59)
      at Object.<anonymous> (C:\Users\M70NQLWL\AppData\Roaming\npm\node_modules\yarn\lib\cli.js:89125:38)
      at Generator.next (<anonymous>)
      at step (C:\Users\M70NQLWL\AppData\Roaming\npm\node_modules\yarn\lib\cli.js:310:30)
      at C:\Users\M70NQLWL\AppData\Roaming\npm\node_modules\yarn\lib\cli.js:321:13

npm manifest: 
  No manifest

yarn manifest: 
  No manifest

Lockfile: 
  No lockfile
